Running from: /opt/homebrew/Cellar/jenkins-lts/2.528.1/libexec/jenkins.war
webroot: /Users/tharun/.jenkins/war
2025-10-22 17:00:35.053+0000 [id=1]	INFO	winstone.Logger#logInternal: Beginning extraction from war file
2025-10-22 17:00:35.108+0000 [id=1]	WARNING	o.e.j.ee9.nested.ContextHandler#setContextPath: Empty contextPath
2025-10-22 17:00:35.141+0000 [id=1]	INFO	org.eclipse.jetty.server.Server#doStart: jetty-12.0.25; built: 2025-08-11T23:52:37.219Z; git: a862b76d8372e24205765182d9ae1d1d333ce2ea; jvm 21.0.8
2025-10-22 17:00:35.614+0000 [id=1]	INFO	o.e.j.e.w.StandardDescriptorProcessor#visitServlet: NO JSP Support for /, did not find org.eclipse.jetty.ee9.jsp.JettyJspServlet
2025-10-22 17:00:35.664+0000 [id=1]	INFO	o.e.j.s.DefaultSessionIdManager#doStart: Session workerName=node0
2025-10-22 17:00:35.990+0000 [id=1]	INFO	hudson.WebAppMain#contextInitialized: Jenkins home directory: /Users/tharun/.jenkins found at: $user.home/.jenkins
2025-10-22 17:00:36.690+0000 [id=1]	INFO	o.e.j.s.handler.ContextHandler#doStart: Started oeje9n.ContextHandler$CoreContextHandler@24855019{Jenkins v2.528.1,/,b=file:///Users/tharun/.jenkins/war/,a=AVAILABLE,h=oeje9n.ContextHandler$CoreContextHandler$CoreToNestedHandler@3abd581e{STARTED}}
2025-10-22 17:00:36.707+0000 [id=1]	INFO	o.e.j.server.AbstractConnector#doStart: Started ServerConnector@7692cd34{HTTP/1.1, (http/1.1)}{0.0.0.0:8080}
2025-10-22 17:00:36.721+0000 [id=1]	INFO	org.eclipse.jetty.server.Server#doStart: Started oejs.Server@7a69b07{STARTING}[12.0.25,sto=0] @2197ms
2025-10-22 17:00:36.722+0000 [id=40]	INFO	winstone.Logger#logInternal: Winstone Servlet Engine running: controlPort=disabled
2025-10-22 17:00:36.792+0000 [id=39]	INFO	jenkins.model.Jenkins#<init>: Starting version 2.528.1
2025-10-22 17:00:36.857+0000 [id=47]	INFO	jenkins.InitReactorRunner$1#onAttained: Started initialization
2025-10-22 17:00:36.979+0000 [id=52]	INFO	jenkins.InitReactorRunner$1#onAttained: Listed all plugins
2025-10-22 17:00:40.612+0000 [id=55]	INFO	jenkins.InitReactorRunner$1#onAttained: Prepared all plugins
2025-10-22 17:00:40.635+0000 [id=50]	INFO	jenkins.InitReactorRunner$1#onAttained: Started all plugins
2025-10-22 17:00:40.638+0000 [id=50]	INFO	jenkins.InitReactorRunner$1#onAttained: Augmented all extensions
2025-10-22 17:00:40.875+0000 [id=54]	INFO	h.p.b.g.GlobalTimeOutConfiguration#load: global timeout not set
2025-10-22 17:00:42.072+0000 [id=48]	INFO	jenkins.InitReactorRunner$1#onAttained: System config loaded
2025-10-22 17:00:42.073+0000 [id=57]	INFO	jenkins.InitReactorRunner$1#onAttained: System config adapted
2025-10-22 17:00:42.109+0000 [id=59]	INFO	jenkins.InitReactorRunner$1#onAttained: Loaded all jobs
2025-10-22 17:00:42.129+0000 [id=58]	INFO	jenkins.InitReactorRunner$1#onAttained: Configuration for all jobs updated
2025-10-22 17:00:42.143+0000 [id=76]	INFO	hudson.util.Retrier#start: Attempt #1 to do the action check updates server
2025-10-22 17:00:42.165+0000 [id=53]	INFO	jenkins.InitReactorRunner$1#onAttained: Completed initialization
2025-10-22 17:00:42.215+0000 [id=39]	INFO	hudson.lifecycle.Lifecycle#onReady: Jenkins is fully up and running
2025-10-22 17:00:48.883+0000 [id=76]	INFO	h.m.DownloadService$Downloadable#load: Obtained the updated data file for hudson.tasks.Maven.MavenInstaller
2025-10-22 17:00:50.788+0000 [id=76]	INFO	h.m.DownloadService$Downloadable#load: Obtained the updated data file for hudson.tasks.Ant.AntInstaller
2025-10-22 17:00:52.527+0000 [id=76]	INFO	h.m.DownloadService$Downloadable#load: Obtained the updated data file for hudson.plugins.gradle.GradleInstaller
2025-10-22 17:00:52.528+0000 [id=76]	INFO	hudson.util.Retrier#start: Performed the action check updates server successfully at the attempt #1
2025-10-22 17:02:11.309+0000 [id=125]	WARNING	o.j.p.w.f.FlowExecutionList$DefaultStorage#unregister: github-ci-demo#12 was not in the list to begin with: []
2025-10-22 17:02:18.777+0000 [id=151]	WARNING	o.j.p.w.f.FlowExecutionList$DefaultStorage#unregister: github-ci-demo#13 was not in the list to begin with: []
2025-10-22 17:02:50.397+0000 [id=169]	WARNING	o.j.p.w.f.FlowExecutionList$DefaultStorage#unregister: github-ci-demo#14 was not in the list to begin with: []
2025-10-22 17:03:22.598+0000 [id=25]	INFO	hudson.PluginManager#install: Starting installation of a batch of 1 plugins plus their dependencies
2025-10-22 17:03:23.429+0000 [id=190]	INFO	h.model.UpdateCenter$DownloadJob#run: Starting the installation of workflow-job on behalf of anonymous
2025-10-22 17:03:23.441+0000 [id=190]	INFO	h.m.UpdateCenter$UpdateCenterConfiguration#download: Downloading workflow-job
2025-10-22 17:03:36.050+0000 [id=31]	INFO	hudson.model.UpdateCenter#doSafeRestart: Scheduling Jenkins reboot
2025-10-22 17:03:36.079+0000 [id=200]	INFO	hudson.lifecycle.Lifecycle#onStatusUpdate: Restart in 10 seconds
2025-10-22 17:03:46.085+0000 [id=200]	INFO	hudson.lifecycle.Lifecycle#onStop: Stopping Jenkins as requested by anonymous
2025-10-22 17:03:46.099+0000 [id=200]	INFO	hudson.lifecycle.Lifecycle#onStatusUpdate: Stopping Jenkins
2025-10-22 17:03:46.152+0000 [id=200]	INFO	jenkins.model.Jenkins$17#onAttained: Started termination
2025-10-22 17:03:46.202+0000 [id=200]	INFO	h.p.b.global.Lifecycle#shutdown: Shutdown complete - Global TimeOut ScheduledExecutorService had 0 tasks pending
2025-10-22 17:03:46.241+0000 [id=200]	INFO	jenkins.model.Jenkins$17#onAttained: Completed termination
2025-10-22 17:03:46.242+0000 [id=200]	INFO	jenkins.model.Jenkins#_cleanUpDisconnectComputers: Starting node disconnection
2025-10-22 17:03:46.245+0000 [id=200]	INFO	jenkins.model.Jenkins#_cleanUpShutdownPluginManager: Stopping plugin manager
2025-10-22 17:03:46.285+0000 [id=200]	INFO	jenkins.model.Jenkins#_cleanUpPersistQueue: Persisting build queue
2025-10-22 17:03:46.299+0000 [id=200]	INFO	jenkins.model.Jenkins#_cleanUpAwaitDisconnects: Waiting for node disconnection completion
2025-10-22 17:03:46.303+0000 [id=200]	INFO	hudson.lifecycle.Lifecycle#onStatusUpdate: Jenkins stopped
Running from: /opt/homebrew/Cellar/jenkins-lts/2.528.1/libexec/jenkins.war
webroot: /Users/tharun/.jenkins/war
2025-10-22 17:03:46.790+0000 [id=1]	INFO	winstone.Logger#logInternal: Beginning extraction from war file
2025-10-22 17:03:46.865+0000 [id=1]	WARNING	o.e.j.ee9.nested.ContextHandler#setContextPath: Empty contextPath
2025-10-22 17:03:46.914+0000 [id=1]	INFO	org.eclipse.jetty.server.Server#doStart: jetty-12.0.25; built: 2025-08-11T23:52:37.219Z; git: a862b76d8372e24205765182d9ae1d1d333ce2ea; jvm 21.0.8
2025-10-22 17:03:47.249+0000 [id=1]	INFO	o.e.j.e.w.StandardDescriptorProcessor#visitServlet: NO JSP Support for /, did not find org.eclipse.jetty.ee9.jsp.JettyJspServlet
2025-10-22 17:03:47.273+0000 [id=1]	INFO	o.e.j.s.DefaultSessionIdManager#doStart: Session workerName=node0
2025-10-22 17:03:47.546+0000 [id=1]	INFO	hudson.WebAppMain#contextInitialized: Jenkins home directory: /Users/tharun/.jenkins found at: $user.home/.jenkins
2025-10-22 17:03:48.164+0000 [id=1]	INFO	o.e.j.s.handler.ContextHandler#doStart: Started oeje9n.ContextHandler$CoreContextHandler@24855019{Jenkins v2.528.1,/,b=file:///Users/tharun/.jenkins/war/,a=AVAILABLE,h=oeje9n.ContextHandler$CoreContextHandler$CoreToNestedHandler@3abd581e{STARTED}}
2025-10-22 17:03:48.174+0000 [id=1]	INFO	o.e.j.server.AbstractConnector#doStart: Started ServerConnector@7692cd34{HTTP/1.1, (http/1.1)}{0.0.0.0:8080}
2025-10-22 17:03:48.183+0000 [id=1]	INFO	org.eclipse.jetty.server.Server#doStart: Started oejs.Server@7a69b07{STARTING}[12.0.25,sto=0] @1768ms
2025-10-22 17:03:48.184+0000 [id=40]	INFO	winstone.Logger#logInternal: Winstone Servlet Engine running: controlPort=disabled
2025-10-22 17:03:48.244+0000 [id=39]	INFO	jenkins.model.Jenkins#<init>: Starting version 2.528.1
2025-10-22 17:03:48.286+0000 [id=47]	INFO	jenkins.InitReactorRunner$1#onAttained: Started initialization
2025-10-22 17:03:48.412+0000 [id=58]	INFO	jenkins.InitReactorRunner$1#onAttained: Listed all plugins
2025-10-22 17:03:50.105+0000 [id=49]	INFO	jenkins.InitReactorRunner$1#onAttained: Prepared all plugins
2025-10-22 17:03:50.115+0000 [id=61]	INFO	jenkins.InitReactorRunner$1#onAttained: Started all plugins
2025-10-22 17:03:50.116+0000 [id=47]	INFO	jenkins.InitReactorRunner$1#onAttained: Augmented all extensions
2025-10-22 17:03:50.208+0000 [id=61]	INFO	h.p.b.g.GlobalTimeOutConfiguration#load: global timeout not set
2025-10-22 17:03:50.738+0000 [id=60]	INFO	jenkins.InitReactorRunner$1#onAttained: System config loaded
2025-10-22 17:03:50.739+0000 [id=60]	INFO	jenkins.InitReactorRunner$1#onAttained: System config adapted
2025-10-22 17:03:50.767+0000 [id=53]	INFO	jenkins.InitReactorRunner$1#onAttained: Loaded all jobs
2025-10-22 17:03:50.782+0000 [id=61]	INFO	jenkins.InitReactorRunner$1#onAttained: Configuration for all jobs updated
2025-10-22 17:03:50.800+0000 [id=47]	INFO	jenkins.InitReactorRunner$1#onAttained: Completed initialization
2025-10-22 17:03:50.823+0000 [id=39]	INFO	hudson.lifecycle.Lifecycle#onReady: Jenkins is fully up and running
2025-10-22 17:04:16.930+0000 [id=102]	WARNING	o.j.p.w.f.FlowExecutionList$DefaultStorage#unregister: github-ci-demo#15 was not in the list to begin with: []
2025-10-22 17:05:43.783+0000 [id=137]	WARNING	o.j.p.w.f.FlowExecutionList$DefaultStorage#unregister: timer-app-pipeline#1 was not in the list to begin with: []
2025-10-22 17:08:05.134+0000 [id=32]	WARNING	o.eclipse.jetty.http.HttpParser#parseLine: URI is too large >8192
2025-10-22 17:09:44.912+0000 [id=189]	WARNING	o.j.p.w.f.FlowExecutionList$DefaultStorage#unregister: timer-app-pipeline#1 was not in the list to begin with: []
2025-10-22 17:12:58.936+0000 [id=303]	SEVERE	o.e.j.i.storage.file.LockFile#lock: Creating lock file /Users/tharun/.config/jgit/config.lock failed
java.io.IOException: Creating directories for /Users/tharun/.config/jgit failed
	at PluginClassLoader for git-client//org.eclipse.jgit.util.FileUtils.mkdirs(FileUtils.java:421)
	at PluginClassLoader for git-client//org.eclipse.jgit.internal.storage.file.LockFile.createLockFile(LockFile.java:172)
	at PluginClassLoader for git-client//org.eclipse.jgit.internal.storage.file.LockFile.createLockFileWithRetry(LockFile.java:165)
	at PluginClassLoader for git-client//org.eclipse.jgit.internal.storage.file.LockFile.lock(LockFile.java:146)
	at PluginClassLoader for git-client//org.eclipse.jgit.storage.file.FileBasedConfig.save(FileBasedConfig.java:201)
	at PluginClassLoader for git-client//org.eclipse.jgit.util.FS$FileStoreAttributes.saveToConfig(FS.java:761)
	at PluginClassLoader for git-client//org.eclipse.jgit.util.FS$FileStoreAttributes.lambda$4(FS.java:433)
	at java.base/java.util.concurrent.ThreadPoolExecutor.runWorker(ThreadPoolExecutor.java:1144)
	at java.base/java.util.concurrent.ThreadPoolExecutor$Worker.run(ThreadPoolExecutor.java:642)
	at java.base/java.lang.Thread.run(Thread.java:1583)
2025-10-22 17:12:58.938+0000 [id=303]	SEVERE	o.e.j.u.FS$FileStoreAttributes#saveToConfig: Cannot save config file 'FileBasedConfig[/Users/tharun/.config/jgit/config]'
java.io.IOException: Creating directories for /Users/tharun/.config/jgit failed
	at PluginClassLoader for git-client//org.eclipse.jgit.util.FileUtils.mkdirs(FileUtils.java:421)
	at PluginClassLoader for git-client//org.eclipse.jgit.internal.storage.file.LockFile.createLockFile(LockFile.java:172)
	at PluginClassLoader for git-client//org.eclipse.jgit.internal.storage.file.LockFile.createLockFileWithRetry(LockFile.java:165)
	at PluginClassLoader for git-client//org.eclipse.jgit.internal.storage.file.LockFile.lock(LockFile.java:146)
	at PluginClassLoader for git-client//org.eclipse.jgit.storage.file.FileBasedConfig.save(FileBasedConfig.java:201)
	at PluginClassLoader for git-client//org.eclipse.jgit.util.FS$FileStoreAttributes.saveToConfig(FS.java:761)
	at PluginClassLoader for git-client//org.eclipse.jgit.util.FS$FileStoreAttributes.lambda$4(FS.java:433)
	at java.base/java.util.concurrent.ThreadPoolExecutor.runWorker(ThreadPoolExecutor.java:1144)
	at java.base/java.util.concurrent.ThreadPoolExecutor$Worker.run(ThreadPoolExecutor.java:642)
	at java.base/java.lang.Thread.run(Thread.java:1583)
